<?xml version="1.0" encoding="UTF-8"?>
<!-- Generated by org.testng.reporters.JUnitXMLReporter -->
<testsuite hostname="DLDB0016" ignored="0" name="Default test" tests="2" failures="0" timestamp="28 Jun 2018 07:49:41 GMT" time="6.498" errors="0">
  <testcase name="test01_GivenLanguageIsSelectedInDropDown2" time="0.539" classname="qaittesting.Bing.BingTranslatorTestClass"/>
  <testcase name="test02_InputAreaHasTextInIt" time="0.11" classname="qaittesting.Bing.BingTranslatorTestClass"/>
</testsuite> <!-- Default test -->
