<?xml version="1.0" encoding="UTF-8"?>
<testng-results skipped="0" failed="0" ignored="0" total="2" passed="2">
  <reporter-output>
  </reporter-output>
  <suite name="Default suite" duration-ms="6498" started-at="2018-06-28T07:49:35Z" finished-at="2018-06-28T07:49:41Z">
    <groups>
    </groups>
    <test name="Default test" duration-ms="6498" started-at="2018-06-28T07:49:35Z" finished-at="2018-06-28T07:49:41Z">
      <class name="qaittesting.Bing.BingTranslatorTestClass">
        <test-method status="PASS" signature="test00()[pri:0, instance:qaittesting.Bing.BingTranslatorTestClass@646d64ab]" name="test00" is-config="true" duration-ms="5822" started-at="2018-06-28T07:49:35Z" finished-at="2018-06-28T07:49:41Z">
          <reporter-output>
          </reporter-output>
        </test-method> <!-- test00 -->
        <test-method status="PASS" signature="test01_GivenLanguageIsSelectedInDropDown2()[pri:0, instance:qaittesting.Bing.BingTranslatorTestClass@646d64ab]" name="test01_GivenLanguageIsSelectedInDropDown2" duration-ms="539" started-at="2018-06-28T07:49:41Z" finished-at="2018-06-28T07:49:41Z">
          <reporter-output>
          </reporter-output>
        </test-method> <!-- test01_GivenLanguageIsSelectedInDropDown2 -->
        <test-method status="PASS" signature="test02_InputAreaHasTextInIt()[pri:0, instance:qaittesting.Bing.BingTranslatorTestClass@646d64ab]" name="test02_InputAreaHasTextInIt" duration-ms="110" started-at="2018-06-28T07:49:41Z" finished-at="2018-06-28T07:49:41Z">
          <reporter-output>
          </reporter-output>
        </test-method> <!-- test02_InputAreaHasTextInIt -->
      </class> <!-- qaittesting.Bing.BingTranslatorTestClass -->
    </test> <!-- Default test -->
  </suite> <!-- Default suite -->
</testng-results>
